iBus-Android-Ayi-noscan/app/build/outputs/logs/manifest-merger-release-report.txt
-- Merging decision tree log ---
manifest
ADDED from src/main/AndroidManifest.xml:2:1-133:12
	package
		ADDED from src/main/AndroidManifest.xml:3:5-38
		INJECTED from src/main/AndroidManifest.xml
		INJECTED from src/main/AndroidManifest.xml
	android:versionName
		INJECTED from src/main/AndroidManifest.xml
		INJECTED from src/main/AndroidManifest.xml
	xmlns:android
		ADDED from src/main/AndroidManifest.xml:2:11-69
	android:versionCode
		INJECTED from src/main/AndroidManifest.xml
		INJECTED from src/main/AndroidManifest.xml
uses-permission#android.permission.GET_ACCOUNTS
ADDED from src/main/AndroidManifest.xml:6:5-71
	android:name
		ADDED from src/main/AndroidManifest.xml:6:22-68
uses-permission#android.permission.READ_PROFILE
ADDED from src/main/AndroidManifest.xml:7:5-71
	android:name
		ADDED from src/main/AndroidManifest.xml:7:22-68
uses-permission#android.permission.READ_CONTACTS
ADDED from src/main/AndroidManifest.xml:8:5-72
	android:name
		ADDED from src/main/AndroidManifest.xml:8:22-69
uses-permission#android.permission.INTERNET
ADDED from src/main/AndroidManifest.xml:9:5-67
MERGED from [iBus-Android-Ayi:IMKit:unspecified] AndroidManifest.xml:13:5-67
	android:name
		ADDED from src/main/AndroidManifest.xml:9:22-64
uses-permission#android.permission.CALL_PHONE
ADDED from src/main/AndroidManifest.xml:10:5-69
	android:name
		ADDED from src/main/AndroidManifest.xml:10:22-66
uses-permission#android.permission.ACCESS_NETWORK_STATE
ADDED from src/main/AndroidManifest.xml:11:5-79
MERGED from [iBus-Android-Ayi:IMKit:unspecified] AndroidManifest.xml:14:5-79
	android:name
		ADDED from src/main/AndroidManifest.xml:11:22-76
uses-permission#android.permission.WRITE_EXTERNAL_STORAGE
ADDED from src/main/AndroidManifest.xml:12:5-81
MERGED from [iBus-Android-Ayi:IMKit:unspecified] AndroidManifest.xml:12:5-81
	android:name
		ADDED from src/main/AndroidManifest.xml:12:22-78
uses-permission#android.permission.READ_PHONE_STATE
ADDED from src/main/AndroidManifest.xml:13:5-75
MERGED from [iBus-Android-Ayi:IMKit:unspecified] AndroidManifest.xml:18:5-75
	android:name
		ADDED from src/main/AndroidManifest.xml:13:22-72
uses-permission#android.permission.CHANGE_WIFI_STATE
ADDED from src/main/AndroidManifest.xml:14:5-76
	android:name
		ADDED from src/main/AndroidManifest.xml:14:22-73
uses-permission#android.permission.ACCESS_WIFI_STATE
ADDED from src/main/AndroidManifest.xml:15:5-76
MERGED from [iBus-Android-Ayi:IMKit:unspecified] AndroidManifest.xml:16:5-76
	android:name
		ADDED from src/main/AndroidManifest.xml:15:22-73
uses-permission#android.permission.READ_EXTERNAL_STORAGE
ADDED from src/main/AndroidManifest.xml:16:5-80
MERGED from [iBus-Android-Ayi:IMKit:unspecified] AndroidManifest.xml:11:5-80
	android:name
		ADDED from src/main/AndroidManifest.xml:16:22-77
uses-permission#android.permission.CAMERA
ADDED from src/main/AndroidManifest.xml:18:5-65
MERGED from [iBus-Android-Ayi:IMKit:unspecified] AndroidManifest.xml:26:5-65
	android:name
		ADDED from src/main/AndroidManifest.xml:18:22-62
uses-permission#android.permission.ACCESS_COARSE_LOCATION
ADDED from src/main/AndroidManifest.xml:19:5-20:23
MERGED from [iBus-Android-Ayi:IMKit:unspecified] AndroidManifest.xml:15:5-81
	android:name
		ADDED from src/main/AndroidManifest.xml:19:22-78
uses-permission#android.permission.ACCESS_FINE_LOCATION
ADDED from src/main/AndroidManifest.xml:21:5-22:23
	android:name
		ADDED from src/main/AndroidManifest.xml:21:22-76
uses-permission#android.permission.MOUNT_UNMOUNT_FILESYSTEMS
ADDED from src/main/AndroidManifest.xml:35:5-36:23
	android:name
		ADDED from src/main/AndroidManifest.xml:35:22-81
uses-permission#android.permission.READ_LOGS
ADDED from src/main/AndroidManifest.xml:37:5-38:23
	android:name
		ADDED from src/main/AndroidManifest.xml:37:22-65
uses-permission#android.permission.VIBRATE
ADDED from src/main/AndroidManifest.xml:39:5-40:23
MERGED from [iBus-Android-Ayi:IMKit:unspecified] AndroidManifest.xml:25:5-66
	android:name
		ADDED from src/main/AndroidManifest.xml:39:22-63
uses-permission#android.permission.WAKE_LOCK
ADDED from src/main/AndroidManifest.xml:41:5-42:23
MERGED from [iBus-Android-Ayi:IMKit:unspecified] AndroidManifest.xml:23:5-68
	android:name
		ADDED from src/main/AndroidManifest.xml:41:22-65
uses-permission#android.permission.WRITE_SETTINGS
ADDED from src/main/AndroidManifest.xml:43:5-44:23
MERGED from [iBus-Android-Ayi:IMKit:unspecified] AndroidManifest.xml:27:5-73
	android:name
		ADDED from src/main/AndroidManifest.xml:43:22-70
application
ADDED from src/main/AndroidManifest.xml:46:5-131:19
MERGED from [com.android.support:design:23.1.0] AndroidManifest.xml:22:5-20
MERGED from [com.android.support:appcompat-v7:23.1.0] AndroidManifest.xml:22:5-20
MERGED from [com.android.support:support-v4:23.1.0] AndroidManifest.xml:22:5-20
MERGED from [iBus-Android-Ayi:IMKit:unspecified] AndroidManifest.xml:32:5-105:19
	android:screenOrientation
		ADDED from src/main/AndroidManifest.xml:52:9-45
	android:label
		ADDED from src/main/AndroidManifest.xml:50:9-41
	android:supportsRtl
		ADDED from src/main/AndroidManifest.xml:53:9-35
	android:launchMode
		ADDED from src/main/AndroidManifest.xml:51:9-44
	android:allowBackup
		ADDED from src/main/AndroidManifest.xml:48:9-35
	android:icon
		ADDED from src/main/AndroidManifest.xml:49:9-43
	android:theme
		ADDED from src/main/AndroidManifest.xml:54:9-40
	android:name
		ADDED from src/main/AndroidManifest.xml:47:9-38
meta-data#com.baidu.lbsapi.API_KEY
ADDED from src/main/AndroidManifest.xml:55:9-57:74
	android:value
		ADDED from src/main/AndroidManifest.xml:57:13-61
	android:name
		ADDED from src/main/AndroidManifest.xml:56:13-52
activity#cn.homecaught.ibus_saas.activity.LoginActivity
ADDED from src/main/AndroidManifest.xml:59:9-61:61
	android:screenOrientation
		ADDED from src/main/AndroidManifest.xml:61:13-49
	android:name
		ADDED from src/main/AndroidManifest.xml:60:13-51
activity#cn.homecaught.ibus_saas.activity.MainActivity
ADDED from src/main/AndroidManifest.xml:62:9-78:20
	android:screenOrientation
		ADDED from src/main/AndroidManifest.xml:65:13-49
	android:launchMode
		ADDED from src/main/AndroidManifest.xml:64:13-48
	android:windowSoftInputMode
		ADDED from src/main/AndroidManifest.xml:67:13-67
	android:theme
		ADDED from src/main/AndroidManifest.xml:66:13-56
	android:name
		ADDED from src/main/AndroidManifest.xml:63:13-50
intent-filter#android.intent.action.VIEW+android.intent.category.DEFAULT
ADDED from src/main/AndroidManifest.xml:68:13-77:29
action#android.intent.action.VIEW
ADDED from src/main/AndroidManifest.xml:69:17-69
	android:name
		ADDED from src/main/AndroidManifest.xml:69:25-66
category#android.intent.category.DEFAULT
ADDED from src/main/AndroidManifest.xml:71:17-76
	android:name
		ADDED from src/main/AndroidManifest.xml:71:27-73
data
ADDED from src/main/AndroidManifest.xml:73:17-76:45
	android:host
		ADDED from src/main/AndroidManifest.xml:74:21-62
	android:scheme
		ADDED from src/main/AndroidManifest.xml:76:21-42
	android:pathPrefix
		ADDED from src/main/AndroidManifest.xml:75:21-59
activity#cn.homecaught.ibus_saas.activity.AddStudentActivity
ADDED from src/main/AndroidManifest.xml:79:9-83:84
	android:screenOrientation
		ADDED from src/main/AndroidManifest.xml:82:13-49
	android:label
		ADDED from src/main/AndroidManifest.xml:81:13-63
	android:windowSoftInputMode
		ADDED from src/main/AndroidManifest.xml:83:13-72
	android:name
		ADDED from src/main/AndroidManifest.xml:80:13-56
activity#cn.homecaught.ibus_saas.activity.ConversationActivtiy
ADDED from src/main/AndroidManifest.xml:84:9-99:20
	android:screenOrientation
		ADDED from src/main/AndroidManifest.xml:86:13-49
	android:windowSoftInputMode
		ADDED from src/main/AndroidManifest.xml:88:13-67
	android:theme
		ADDED from src/main/AndroidManifest.xml:87:13-56
	android:name
		ADDED from src/main/AndroidManifest.xml:85:13-58
activity#cn.homecaught.ibus_saas.activity.WebViewActivity
ADDED from src/main/AndroidManifest.xml:100:9-104:68
	android:screenOrientation
		ADDED from src/main/AndroidManifest.xml:103:13-49
	android:label
		ADDED from src/main/AndroidManifest.xml:102:13-60
	android:theme
		ADDED from src/main/AndroidManifest.xml:104:13-56
	android:name
		ADDED from src/main/AndroidManifest.xml:101:13-53
activity#cn.homecaught.ibus_saas.activity.PwdActivity
ADDED from src/main/AndroidManifest.xml:105:9-108:61
	android:screenOrientation
		ADDED from src/main/AndroidManifest.xml:108:13-49
	android:label
		ADDED from src/main/AndroidManifest.xml:107:13-55
	android:name
		ADDED from src/main/AndroidManifest.xml:106:13-49
activity#cn.homecaught.ibus_saas.activity.SplashActivity
ADDED from src/main/AndroidManifest.xml:109:9-118:20
	android:screenOrientation
		ADDED from src/main/AndroidManifest.xml:111:13-49
	android:theme
		ADDED from src/main/AndroidManifest.xml:112:13-49
	android:name
		ADDED from src/main/AndroidManifest.xml:110:13-52
intent-filter#android.intent.action.MAIN+android.intent.category.LAUNCHER
ADDED from src/main/AndroidManifest.xml:113:13-117:29
action#android.intent.action.MAIN
ADDED from src/main/AndroidManifest.xml:114:17-69
	android:name
		ADDED from src/main/AndroidManifest.xml:114:25-66
category#android.intent.category.LAUNCHER
ADDED from src/main/AndroidManifest.xml:116:17-77
	android:name
		ADDED from src/main/AndroidManifest.xml:116:27-74
service#com.baidu.location.f
ADDED from src/main/AndroidManifest.xml:122:9-126:19
	android:enabled
		ADDED from src/main/AndroidManifest.xml:124:13-35
	android:process
		ADDED from src/main/AndroidManifest.xml:125:13-38
	android:name
		ADDED from src/main/AndroidManifest.xml:123:13-48
service#cn.homecaught.ibus_saas.util.LocationService
ADDED from src/main/AndroidManifest.xml:127:9-130:47
	android:enabled
		ADDED from src/main/AndroidManifest.xml:129:13-35
	android:exported
		ADDED from src/main/AndroidManifest.xml:130:13-36
	android:name
		ADDED from src/main/AndroidManifest.xml:128:13-49
uses-sdk
INJECTED from src/main/AndroidManifest.xml reason: use-sdk injection requested
MERGED from [com.android.support:design:23.1.0] AndroidManifest.xml:20:5-43
MERGED from [com.android.support:appcompat-v7:23.1.0] AndroidManifest.xml:20:5-43
MERGED from [com.android.support:support-v4:23.1.0] AndroidManifest.xml:20:5-43
MERGED from [com.android.support:recyclerview-v7:23.1.0] AndroidManifest.xml:20:5-43
MERGED from [iBus-Android-Ayi:IMKit:unspecified] AndroidManifest.xml:7:5-9:41
	android:targetSdkVersion
		INJECTED from src/main/AndroidManifest.xml
		INJECTED from src/main/AndroidManifest.xml
	android:minSdkVersion
		INJECTED from src/main/AndroidManifest.xml
		INJECTED from src/main/AndroidManifest.xml
uses-permission#android.permission.RECORD_AUDIO
ADDED from [iBus-Android-Ayi:IMKit:unspecified] AndroidManifest.xml:21:5-71
	android:name
		ADDED from [iBus-Android-Ayi:IMKit:unspecified] AndroidManifest.xml:21:22-68
uses-permission#android.permission.GET_TASKS
ADDED from [iBus-Android-Ayi:IMKit:unspecified] AndroidManifest.xml:22:5-68
	android:name
		ADDED from [iBus-Android-Ayi:IMKit:unspecified] AndroidManifest.xml:22:22-65
uses-permission#android.permission.MODIFY_AUDIO_SETTINGS
ADDED from [iBus-Android-Ayi:IMKit:unspecified] AndroidManifest.xml:24:5-80
	android:name
		ADDED from [iBus-Android-Ayi:IMKit:unspecified] AndroidManifest.xml:24:22-77
uses-permission#android.permission.INTERACT_ACROSS_USERS_FULL
ADDED from [iBus-Android-Ayi:IMKit:unspecified] AndroidManifest.xml:28:5-85
	android:name
		ADDED from [iBus-Android-Ayi:IMKit:unspecified] AndroidManifest.xml:28:22-82
uses-permission#android.permission.PROCESS_OUTGOING_CALLS
ADDED from [iBus-Android-Ayi:IMKit:unspecified] AndroidManifest.xml:29:5-81
	android:name
		ADDED from [iBus-Android-Ayi:IMKit:unspecified] AndroidManifest.xml:29:22-78
uses-permission#android.permission.SYSTEM_ALERT_WINDOW
ADDED from [iBus-Android-Ayi:IMKit:unspecified] AndroidManifest.xml:30:5-78
	android:name
		ADDED from [iBus-Android-Ayi:IMKit:unspecified] AndroidManifest.xml:30:22-75
activity#io.rong.imkit.activity.PictureSelectorActivity
ADDED from [iBus-Android-Ayi:IMKit:unspecified] AndroidManifest.xml:33:9-35:52
	android:screenOrientation
		ADDED from [iBus-Android-Ayi:IMKit:unspecified] AndroidManifest.xml:35:13-49
	android:name
		ADDED from [iBus-Android-Ayi:IMKit:unspecified] AndroidManifest.xml:34:13-74
activity#io.rong.imkit.activity.PicturePreviewActivity
ADDED from [iBus-Android-Ayi:IMKit:unspecified] AndroidManifest.xml:36:9-38:52
	android:screenOrientation
		ADDED from [iBus-Android-Ayi:IMKit:unspecified] AndroidManifest.xml:38:13-49
	android:name
		ADDED from [iBus-Android-Ayi:IMKit:unspecified] AndroidManifest.xml:37:13-73
activity#io.rong.imkit.tools.RongWebviewActivity
ADDED from [iBus-Android-Ayi:IMKit:unspecified] AndroidManifest.xml:39:9-41:52
	android:screenOrientation
		ADDED from [iBus-Android-Ayi:IMKit:unspecified] AndroidManifest.xml:41:13-49
	android:name
		ADDED from [iBus-Android-Ayi:IMKit:unspecified] AndroidManifest.xml:40:13-67
activity#io.rong.imkit.widget.provider.TakingPicturesActivity
ADDED from [iBus-Android-Ayi:IMKit:unspecified] AndroidManifest.xml:42:9-45:52
	android:screenOrientation
		ADDED from [iBus-Android-Ayi:IMKit:unspecified] AndroidManifest.xml:45:13-49
	android:configChanges
		ADDED from [iBus-Android-Ayi:IMKit:unspecified] AndroidManifest.xml:44:13-63
	android:name
		ADDED from [iBus-Android-Ayi:IMKit:unspecified] AndroidManifest.xml:43:13-80
activity#io.rong.imkit.activity.PicturePagerActivity
ADDED from [iBus-Android-Ayi:IMKit:unspecified] AndroidManifest.xml:46:9-48:74
	android:theme
		ADDED from [iBus-Android-Ayi:IMKit:unspecified] AndroidManifest.xml:48:13-71
	android:name
		ADDED from [iBus-Android-Ayi:IMKit:unspecified] AndroidManifest.xml:47:13-71
service#io.rong.push.core.PushRegistrationService
ADDED from [iBus-Android-Ayi:IMKit:unspecified] AndroidManifest.xml:51:9-54:19
	android:exported
		ADDED from [iBus-Android-Ayi:IMKit:unspecified] AndroidManifest.xml:53:13-37
	android:name
		ADDED from [iBus-Android-Ayi:IMKit:unspecified] AndroidManifest.xml:52:13-69
service#io.rong.push.PushService
ADDED from [iBus-Android-Ayi:IMKit:unspecified] AndroidManifest.xml:55:9-59:19
	android:process
		ADDED from [iBus-Android-Ayi:IMKit:unspecified] AndroidManifest.xml:58:13-43
	android:exported
		ADDED from [iBus-Android-Ayi:IMKit:unspecified] AndroidManifest.xml:57:13-37
	android:name
		ADDED from [iBus-Android-Ayi:IMKit:unspecified] AndroidManifest.xml:56:13-52
service#io.rong.push.core.MessageHandleService
ADDED from [iBus-Android-Ayi:IMKit:unspecified] AndroidManifest.xml:60:9-63:19
	android:exported
		ADDED from [iBus-Android-Ayi:IMKit:unspecified] AndroidManifest.xml:62:13-36
	android:name
		ADDED from [iBus-Android-Ayi:IMKit:unspecified] AndroidManifest.xml:61:13-66
receiver#io.rong.push.PushReceiver
ADDED from [iBus-Android-Ayi:IMKit:unspecified] AndroidManifest.xml:65:9-82:20
	android:process
		ADDED from [iBus-Android-Ayi:IMKit:unspecified] AndroidManifest.xml:67:13-43
	android:name
		ADDED from [iBus-Android-Ayi:IMKit:unspecified] AndroidManifest.xml:66:13-53
intent-filter#io.rong.push.intent.action.HEART_BEAT
ADDED from [iBus-Android-Ayi:IMKit:unspecified] AndroidManifest.xml:68:13-70:29
action#io.rong.push.intent.action.HEART_BEAT
ADDED from [iBus-Android-Ayi:IMKit:unspecified] AndroidManifest.xml:69:17-80
	android:name
		ADDED from [iBus-Android-Ayi:IMKit:unspecified] AndroidManifest.xml:69:25-77
intent-filter#android.net.conn.CONNECTIVITY_CHANGE
ADDED from [iBus-Android-Ayi:IMKit:unspecified] AndroidManifest.xml:71:13-73:29
action#android.net.conn.CONNECTIVITY_CHANGE
ADDED from [iBus-Android-Ayi:IMKit:unspecified] AndroidManifest.xml:72:17-79
	android:name
		ADDED from [iBus-Android-Ayi:IMKit:unspecified] AndroidManifest.xml:72:25-76
intent-filter#android.intent.action.BOOT_COMPLETED
ADDED from [iBus-Android-Ayi:IMKit:unspecified] AndroidManifest.xml:74:13-76:29
action#android.intent.action.BOOT_COMPLETED
ADDED from [iBus-Android-Ayi:IMKit:unspecified] AndroidManifest.xml:75:17-79
	android:name
		ADDED from [iBus-Android-Ayi:IMKit:unspecified] AndroidManifest.xml:75:25-76
intent-filter#android.intent.action.ACTION_POWER_CONNECTED+android.intent.action.ACTION_POWER_DISCONNECTED+android.intent.action.USER_PRESENT
ADDED from [iBus-Android-Ayi:IMKit:unspecified] AndroidManifest.xml:77:13-81:29
action#android.intent.action.USER_PRESENT
ADDED from [iBus-Android-Ayi:IMKit:unspecified] AndroidManifest.xml:78:17-77
	android:name
		ADDED from [iBus-Android-Ayi:IMKit:unspecified] AndroidManifest.xml:78:25-74
action#android.intent.action.ACTION_POWER_CONNECTED
ADDED from [iBus-Android-Ayi:IMKit:unspecified] AndroidManifest.xml:79:17-87
	android:name
		ADDED from [iBus-Android-Ayi:IMKit:unspecified] AndroidManifest.xml:79:25-84
action#android.intent.action.ACTION_POWER_DISCONNECTED
ADDED from [iBus-Android-Ayi:IMKit:unspecified] AndroidManifest.xml:80:17-90
	android:name
		ADDED from [iBus-Android-Ayi:IMKit:unspecified] AndroidManifest.xml:80:25-87
meta-data#RONG_CLOUD_APP_KEY
ADDED from [iBus-Android-Ayi:IMKit:unspecified] AndroidManifest.xml:88:9-90:45
	android:value
		ADDED from [iBus-Android-Ayi:IMKit:unspecified] AndroidManifest.xml:90:13-42
	android:name
		ADDED from [iBus-Android-Ayi:IMKit:unspecified] AndroidManifest.xml:89:13-46
service#io.rong.imlib.ipc.RongService
ADDED from [iBus-Android-Ayi:IMKit:unspecified] AndroidManifest.xml:92:9-95:38
	android:process
		ADDED from [iBus-Android-Ayi:IMKit:unspecified] AndroidManifest.xml:95:13-35
	android:exported
		ADDED from [iBus-Android-Ayi:IMKit:unspecified] AndroidManifest.xml:94:13-36
	android:name
		ADDED from [iBus-Android-Ayi:IMKit:unspecified] AndroidManifest.xml:93:13-57
service#io.rong.imlib.ReConnectService
ADDED from [iBus-Android-Ayi:IMKit:unspecified] AndroidManifest.xml:96:9-66
	android:name
		ADDED from [iBus-Android-Ayi:IMKit:unspecified] AndroidManifest.xml:96:18-63
receiver#io.rong.imlib.ConnectChangeReceiver
ADDED from [iBus-Android-Ayi:IMKit:unspecified] AndroidManifest.xml:98:9-72
	android:name
		ADDED from [iBus-Android-Ayi:IMKit:unspecified] AndroidManifest.xml:98:19-69
receiver#io.rong.imlib.HeartbeatReceiver
ADDED from [iBus-Android-Ayi:IMKit:unspecified] AndroidManifest.xml:99:9-101:38
	android:process
		ADDED from [iBus-Android-Ayi:IMKit:unspecified] AndroidManifest.xml:101:13-35
	android:name
		ADDED from [iBus-Android-Ayi:IMKit:unspecified] AndroidManifest.xml:100:13-59